  [1m[36m (33.5ms)[0m  [1mCREATE TABLE "schema_migrations" ("version" character varying(255) NOT NULL) [0m
  [1m[35m (13.9ms)[0m  CREATE UNIQUE INDEX  "unique_schema_migrations" ON "schema_migrations"  ("version")
  [1m[36mActiveRecord::SchemaMigration Load (0.5ms)[0m  [1mSELECT "schema_migrations".* FROM "schema_migrations"[0m
Migrating to DeviseCreateUsers (20110405113203)
  [1m[35m (0.5ms)[0m  BEGIN
  [1m[36m (95.2ms)[0m  [1mCREATE TABLE "users" ("id" serial primary key, "email" character varying(255) DEFAULT '' NOT NULL, "encrypted_password" character varying(255) DEFAULT '' NOT NULL, "reset_password_token" character varying(255), "reset_password_sent_at" timestamp, "remember_created_at" timestamp, "sign_in_count" integer DEFAULT 0, "current_sign_in_at" timestamp, "last_sign_in_at" timestamp, "current_sign_in_ip" character varying(255), "last_sign_in_ip" character varying(255), "created_at" timestamp, "updated_at" timestamp) [0m
  [1m[35m (7.4ms)[0m  CREATE UNIQUE INDEX  "index_users_on_email" ON "users"  ("email")
  [1m[36m (32.2ms)[0m  [1mCREATE UNIQUE INDEX  "index_users_on_reset_password_token" ON "users"  ("reset_password_token")[0m
  [1m[35mSQL (58.7ms)[0m  INSERT INTO "schema_migrations" ("version") VALUES ($1)  [["version", "20110405113203"]]
  [1m[36m (18.5ms)[0m  [1mCOMMIT[0m
Migrating to CreateRoles (20110415105605)
  [1m[35m (0.3ms)[0m  BEGIN
  [1m[36m (2.9ms)[0m  [1mCREATE TABLE "roles" ("id" serial primary key, "name" character varying(255), "created_at" timestamp, "updated_at" timestamp) [0m
  [1m[35mSQL (0.2ms)[0m  INSERT INTO "schema_migrations" ("version") VALUES ($1)  [["version", "20110415105605"]]
  [1m[36m (0.7ms)[0m  [1mCOMMIT[0m
Migrating to UserHasAndBelongsToManyRoles (20110415110329)
  [1m[35m (0.2ms)[0m  BEGIN
  [1m[36m (0.8ms)[0m  [1mCREATE TABLE "roles_users" ("role_id" integer, "user_id" integer) [0m
  [1m[35mSQL (0.2ms)[0m  INSERT INTO "schema_migrations" ("version") VALUES ($1)  [["version", "20110415110329"]]
  [1m[36m (0.6ms)[0m  [1mCOMMIT[0m
  [1m[35mActiveRecord::SchemaMigration Load (0.2ms)[0m  SELECT "schema_migrations".* FROM "schema_migrations"


Started GET "/" for 127.0.0.1 at 2014-07-18 11:12:05 -0400
  [1m[36mActiveRecord::SchemaMigration Load (0.3ms)[0m  [1mSELECT "schema_migrations".* FROM "schema_migrations"[0m
Processing by PagesController#index as HTML
  Rendered pages/index.html.erb within layouts/application (12.9ms)
  Rendered layouts/application/_header.html.erb (20.5ms)
  Rendered layouts/application/_flash_messages.html.erb (0.6ms)
Completed 200 OK in 158ms (Views: 157.3ms | ActiveRecord: 0.0ms)


Started GET "/assets/jquery.js?body=1" for 127.0.0.1 at 2014-07-18 11:12:05 -0400


Started GET "/assets/application.css?body=1" for 127.0.0.1 at 2014-07-18 11:12:05 -0400


Started GET "/assets/jquery_ujs.js?body=1" for 127.0.0.1 at 2014-07-18 11:12:05 -0400


Started GET "/assets/application.js?body=1" for 127.0.0.1 at 2014-07-18 11:12:05 -0400


Started GET "/users/sign_up" for 127.0.0.1 at 2014-07-18 11:12:15 -0400
Processing by Devise::RegistrationsController#new as HTML
  Rendered devise/shared/_links.erb (1.1ms)
  Rendered devise/registrations/new.html.erb within layouts/application (168.9ms)
  Rendered layouts/application/_header.html.erb (0.5ms)
  Rendered layouts/application/_flash_messages.html.erb (0.1ms)
Completed 200 OK in 201ms (Views: 195.8ms | ActiveRecord: 2.4ms)


Started POST "/users" for 127.0.0.1 at 2014-07-18 11:12:26 -0400
Processing by Devise::RegistrationsController#create as HTML
  Parameters: {"utf8"=>"✓", "authenticity_token"=>"DVbSbWQEBdm6yUjqPIonvSk9D0o/PIY0qD1bP789QWs=", "user"=>{"email"=>"rickymm3@gmail.com", "password"=>"[FILTERED]", "password_confirmation"=>"[FILTERED]"}}
  [1m[35m (0.2ms)[0m  BEGIN
  [1m[36mUser Exists (47.2ms)[0m  [1mSELECT  1 AS one FROM "users"  WHERE "users"."email" = 'rickymm3@gmail.com' LIMIT 1[0m
  [1m[35mSQL (6.4ms)[0m  INSERT INTO "users" ("created_at", "email", "encrypted_password", "updated_at") VALUES ($1, $2, $3, $4) RETURNING "id"  [["created_at", "2014-07-18 15:12:26.770044"], ["email", "rickymm3@gmail.com"], ["encrypted_password", "$2a$10$Uf8vz9Xnf15zVk66jOmbwOD9kA1UvNXOPmU1eNMRRrPiUcfxSkMGW"], ["updated_at", "2014-07-18 15:12:26.770044"]]
  [1m[36m (16.0ms)[0m  [1mCOMMIT[0m
  [1m[35m (0.1ms)[0m  BEGIN
  [1m[36mSQL (0.5ms)[0m  [1mUPDATE "users" SET "current_sign_in_at" = $1, "current_sign_in_ip" = $2, "last_sign_in_at" = $3, "last_sign_in_ip" = $4, "sign_in_count" = $5, "updated_at" = $6 WHERE "users"."id" = 1[0m  [["current_sign_in_at", "2014-07-18 15:12:26.796554"], ["current_sign_in_ip", "127.0.0.1"], ["last_sign_in_at", "2014-07-18 15:12:26.796554"], ["last_sign_in_ip", "127.0.0.1"], ["sign_in_count", 1], ["updated_at", "2014-07-18 15:12:26.797477"]]
  [1m[35m (0.6ms)[0m  COMMIT
Redirected to http://localhost:3000/
Completed 302 Found in 245ms (ActiveRecord: 71.1ms)


Started GET "/" for 127.0.0.1 at 2014-07-18 11:12:26 -0400
Processing by PagesController#index as HTML
  [1m[36mUser Load (0.8ms)[0m  [1mSELECT  "users".* FROM "users"  WHERE "users"."id" = 1  ORDER BY "users"."id" ASC LIMIT 1[0m
  Rendered pages/index.html.erb within layouts/application (30.3ms)
  [1m[35mRole Load (0.5ms)[0m  SELECT  "roles".* FROM "roles" INNER JOIN "roles_users" ON "roles"."id" = "roles_users"."role_id" WHERE "roles_users"."user_id" = $1 AND "roles"."name" = 'admin' LIMIT 1  [["user_id", 1]]
  Rendered layouts/application/_header.html.erb (80.7ms)
  Rendered layouts/application/_flash_messages.html.erb (0.1ms)
Completed 200 OK in 115ms (Views: 110.6ms | ActiveRecord: 4.1ms)


Started GET "/users/edit" for 127.0.0.1 at 2014-07-18 11:12:30 -0400
Processing by Devise::RegistrationsController#edit as HTML
  [1m[36mUser Load (0.5ms)[0m  [1mSELECT  "users".* FROM "users"  WHERE "users"."id" = 1  ORDER BY "users"."id" ASC LIMIT 1[0m
  Rendered devise/registrations/edit.html.erb within layouts/application (3.3ms)
  [1m[35mRole Load (0.4ms)[0m  SELECT  "roles".* FROM "roles" INNER JOIN "roles_users" ON "roles"."id" = "roles_users"."role_id" WHERE "roles_users"."user_id" = $1 AND "roles"."name" = 'admin' LIMIT 1  [["user_id", 1]]
  Rendered layouts/application/_header.html.erb (2.7ms)
  Rendered layouts/application/_flash_messages.html.erb (0.1ms)
Completed 200 OK in 27ms (Views: 24.4ms | ActiveRecord: 0.9ms)


Started GET "/" for 127.0.0.1 at 2014-07-18 11:12:45 -0400
Processing by PagesController#index as HTML
  [1m[36mUser Load (0.3ms)[0m  [1mSELECT  "users".* FROM "users"  WHERE "users"."id" = 1  ORDER BY "users"."id" ASC LIMIT 1[0m
  Rendered pages/index.html.erb within layouts/application (1.3ms)
  [1m[35mRole Load (0.4ms)[0m  SELECT  "roles".* FROM "roles" INNER JOIN "roles_users" ON "roles"."id" = "roles_users"."role_id" WHERE "roles_users"."user_id" = $1 AND "roles"."name" = 'admin' LIMIT 1  [["user_id", 1]]
  Rendered layouts/application/_header.html.erb (3.1ms)
  Rendered layouts/application/_flash_messages.html.erb (0.1ms)
Completed 200 OK in 8ms (Views: 7.2ms | ActiveRecord: 0.8ms)


Started GET "/users/edit" for 127.0.0.1 at 2014-07-18 11:12:46 -0400
Processing by Devise::RegistrationsController#edit as HTML
  [1m[36mUser Load (0.5ms)[0m  [1mSELECT  "users".* FROM "users"  WHERE "users"."id" = 1  ORDER BY "users"."id" ASC LIMIT 1[0m
  Rendered devise/registrations/edit.html.erb within layouts/application (2.9ms)
  [1m[35mRole Load (0.4ms)[0m  SELECT  "roles".* FROM "roles" INNER JOIN "roles_users" ON "roles"."id" = "roles_users"."role_id" WHERE "roles_users"."user_id" = $1 AND "roles"."name" = 'admin' LIMIT 1  [["user_id", 1]]
  Rendered layouts/application/_header.html.erb (2.9ms)
  Rendered layouts/application/_flash_messages.html.erb (0.1ms)
Completed 200 OK in 13ms (Views: 10.3ms | ActiveRecord: 0.9ms)


Started GET "/assets/jquery.js?body=1" for 127.0.0.1 at 2014-07-18 11:12:46 -0400


Started GET "/assets/jquery_ujs.js?body=1" for 127.0.0.1 at 2014-07-18 11:12:46 -0400


Started GET "/" for 127.0.0.1 at 2014-07-18 11:12:48 -0400
Processing by PagesController#index as HTML
  [1m[36mUser Load (0.4ms)[0m  [1mSELECT  "users".* FROM "users"  WHERE "users"."id" = 1  ORDER BY "users"."id" ASC LIMIT 1[0m
  Rendered pages/index.html.erb within layouts/application (1.6ms)
  [1m[35mRole Load (0.5ms)[0m  SELECT  "roles".* FROM "roles" INNER JOIN "roles_users" ON "roles"."id" = "roles_users"."role_id" WHERE "roles_users"."user_id" = $1 AND "roles"."name" = 'admin' LIMIT 1  [["user_id", 1]]
  Rendered layouts/application/_header.html.erb (3.3ms)
  Rendered layouts/application/_flash_messages.html.erb (0.1ms)
Completed 200 OK in 10ms (Views: 8.6ms | ActiveRecord: 0.9ms)


Started GET "/assets/jquery.js?body=1" for 127.0.0.1 at 2014-07-18 11:12:48 -0400


Started GET "/assets/jquery_ujs.js?body=1" for 127.0.0.1 at 2014-07-18 11:12:48 -0400


Started GET "/" for 127.0.0.1 at 2014-07-18 11:12:53 -0400
Processing by PagesController#index as HTML
  [1m[36mUser Load (0.4ms)[0m  [1mSELECT  "users".* FROM "users"  WHERE "users"."id" = 1  ORDER BY "users"."id" ASC LIMIT 1[0m
  Rendered pages/index.html.erb within layouts/application (1.7ms)
  [1m[35mRole Load (0.4ms)[0m  SELECT  "roles".* FROM "roles" INNER JOIN "roles_users" ON "roles"."id" = "roles_users"."role_id" WHERE "roles_users"."user_id" = $1 AND "roles"."name" = 'admin' LIMIT 1  [["user_id", 1]]
  Rendered layouts/application/_header.html.erb (3.0ms)
  Rendered layouts/application/_flash_messages.html.erb (0.1ms)
Completed 200 OK in 8ms (Views: 7.5ms | ActiveRecord: 0.8ms)


Started GET "/assets/jquery.js?body=1" for 127.0.0.1 at 2014-07-18 11:12:53 -0400


Started GET "/assets/jquery_ujs.js?body=1" for 127.0.0.1 at 2014-07-18 11:12:53 -0400


Started GET "/users/edit" for 127.0.0.1 at 2014-07-18 11:12:56 -0400
Processing by Devise::RegistrationsController#edit as HTML
  [1m[36mUser Load (0.6ms)[0m  [1mSELECT  "users".* FROM "users"  WHERE "users"."id" = 1  ORDER BY "users"."id" ASC LIMIT 1[0m
  Rendered devise/registrations/edit.html.erb within layouts/application (2.6ms)
  [1m[35mRole Load (0.2ms)[0m  SELECT  "roles".* FROM "roles" INNER JOIN "roles_users" ON "roles"."id" = "roles_users"."role_id" WHERE "roles_users"."user_id" = $1 AND "roles"."name" = 'admin' LIMIT 1  [["user_id", 1]]
  Rendered layouts/application/_header.html.erb (2.6ms)
  Rendered layouts/application/_flash_messages.html.erb (0.1ms)
Completed 200 OK in 12ms (Views: 9.9ms | ActiveRecord: 0.8ms)


Started GET "/assets/jquery.js?body=1" for 127.0.0.1 at 2014-07-18 11:12:56 -0400


Started GET "/assets/jquery_ujs.js?body=1" for 127.0.0.1 at 2014-07-18 11:12:56 -0400
